<?xml version="1.0" encoding="UTF-8"?>
<!-- Generated by org.testng.reporters.JUnitReportReporter -->
<testsuite hostname="LAPTOP-0A2M3F1A" failures="0" tests="1" name="testcases.MathProblemPageTest" time="46.471" errors="0" timestamp="2023-06-21T19:53:50 IST" skipped="0">
  <testcase classname="testcases.MathProblemPageTest" name="clickbtn" time="46.471"/>
  <system-out/>
</testsuite> <!-- testcases.MathProblemPageTest -->
