<?xml version="1.0" encoding="UTF-8"?>
<!-- Generated by org.testng.reporters.JUnitReportReporter -->
<testsuite hostname="LAPTOP-0A2M3F1A" failures="0" tests="10" name="testcases.PronouncingPageTest" time="302.269" errors="0" timestamp="2023-06-21T19:53:51 IST" skipped="0">
  <testcase classname="testcases.PronouncingPageTest" name="sendData" time="29.890"/>
  <system-out/>
  <testcase classname="testcases.PronouncingPageTest" name="textBox" time="29.231"/>
  <system-out/>
  <testcase classname="testcases.PronouncingPageTest" name="sendData1" time="29.610"/>
  <system-out/>
  <testcase classname="testcases.PronouncingPageTest" name="sendData2" time="23.407"/>
  <system-out/>
  <testcase classname="testcases.PronouncingPageTest" name="sendData3" time="25.205"/>
  <system-out/>
  <testcase classname="testcases.PronouncingPageTest" name="sendData4" time="28.543"/>
  <system-out/>
  <testcase classname="testcases.PronouncingPageTest" name="sendData5" time="27.442"/>
  <system-out/>
  <testcase classname="testcases.PronouncingPageTest" name="sendData6" time="38.880"/>
  <system-out/>
  <testcase classname="testcases.PronouncingPageTest" name="sendData7" time="33.924"/>
  <system-out/>
  <testcase classname="testcases.PronouncingPageTest" name="sendData8" time="36.137"/>
  <system-out/>
</testsuite> <!-- testcases.PronouncingPageTest -->
