<?xml version="1.0" encoding="UTF-8"?>
<!-- Generated by org.testng.reporters.JUnitReportReporter -->
<testsuite hostname="LAPTOP-0A2M3F1A" failures="0" tests="7" name="testcases.DecimalToFractionTest" time="158.791" errors="0" timestamp="2023-06-21T19:53:51 IST" skipped="0">
  <testcase classname="testcases.DecimalToFractionTest" name="clickTextBox" time="23.388"/>
  <system-out/>
  <testcase classname="testcases.DecimalToFractionTest" name="sendValue" time="19.200"/>
  <system-out/>
  <testcase classname="testcases.DecimalToFractionTest" name="convert" time="28.393"/>
  <system-out/>
  <testcase classname="testcases.DecimalToFractionTest" name="sendValue1" time="19.822"/>
  <system-out/>
  <testcase classname="testcases.DecimalToFractionTest" name="sendValue2" time="17.091"/>
  <system-out/>
  <testcase classname="testcases.DecimalToFractionTest" name="sendValue3" time="26.713"/>
  <system-out/>
  <testcase classname="testcases.DecimalToFractionTest" name="sendValue4" time="24.184"/>
  <system-out/>
</testsuite> <!-- testcases.DecimalToFractionTest -->
