<?xml version="1.0" encoding="UTF-8"?>
<!-- Generated by org.testng.reporters.JUnitReportReporter -->
<testsuite hostname="LAPTOP-0A2M3F1A" failures="0" tests="20" name="testcases.FractionToDecimalTest" time="651.849" errors="0" timestamp="2023-06-21T19:53:51 IST" skipped="0">
  <testcase classname="testcases.FractionToDecimalTest" name="click" time="19.916"/>
  <system-out/>
  <testcase classname="testcases.FractionToDecimalTest" name="clickN" time="48.597"/>
  <system-out/>
  <testcase classname="testcases.FractionToDecimalTest" name="clickD" time="25.399"/>
  <system-out/>
  <testcase classname="testcases.FractionToDecimalTest" name="clickP" time="22.958"/>
  <system-out/>
  <testcase classname="testcases.FractionToDecimalTest" name="clearN" time="23.986"/>
  <system-out/>
  <testcase classname="testcases.FractionToDecimalTest" name="clearD" time="21.631"/>
  <system-out/>
  <testcase classname="testcases.FractionToDecimalTest" name="clearP" time="25.945"/>
  <system-out/>
  <testcase classname="testcases.FractionToDecimalTest" name="sendDataN" time="64.962"/>
  <system-out/>
  <testcase classname="testcases.FractionToDecimalTest" name="sendDataD" time="31.967"/>
  <system-out/>
  <testcase classname="testcases.FractionToDecimalTest" name="sendDataP" time="26.481"/>
  <system-out/>
  <testcase classname="testcases.FractionToDecimalTest" name="sendData" time="27.208"/>
  <system-out/>
  <testcase classname="testcases.FractionToDecimalTest" name="sendData1" time="47.472"/>
  <system-out/>
  <testcase classname="testcases.FractionToDecimalTest" name="sendData2" time="24.279"/>
  <system-out/>
  <testcase classname="testcases.FractionToDecimalTest" name="sendData3" time="28.352"/>
  <system-out/>
  <testcase classname="testcases.FractionToDecimalTest" name="sendData4" time="57.164"/>
  <system-out/>
  <testcase classname="testcases.FractionToDecimalTest" name="sendData5" time="30.088"/>
  <system-out/>
  <testcase classname="testcases.FractionToDecimalTest" name="sendData6" time="30.813"/>
  <system-out/>
  <testcase classname="testcases.FractionToDecimalTest" name="sendData7" time="33.144"/>
  <system-out/>
  <testcase classname="testcases.FractionToDecimalTest" name="sendData8" time="29.777"/>
  <system-out/>
  <testcase classname="testcases.FractionToDecimalTest" name="sendData9" time="31.710"/>
  <system-out/>
</testsuite> <!-- testcases.FractionToDecimalTest -->
