<?xml version="1.0" encoding="UTF-8"?>
<!-- Generated by org.testng.reporters.JUnitReportReporter -->
<testsuite hostname="LAPTOP-0A2M3F1A" failures="0" tests="1" name="testcases.LaunchPageTest" time="20.817" errors="0" timestamp="2023-06-21T19:53:50 IST" skipped="0">
  <testcase classname="testcases.LaunchPageTest" name="launchSuccessful" time="20.817"/>
  <system-out/>
</testsuite> <!-- testcases.LaunchPageTest -->
