<?xml version="1.0" encoding="UTF-8"?>
<!-- Generated by org.testng.reporters.JUnitReportReporter -->
<testsuite hostname="LAPTOP-0A2M3F1A" failures="0" tests="1" name="testcases.AnswerSheetTest" time="78.527" errors="0" timestamp="2023-06-20T11:06:38 IST" skipped="0">
  <testcase classname="testcases.AnswerSheetTest" name="clickbtn" time="78.527"/>
  <system-out/>
</testsuite> <!-- testcases.AnswerSheetTest -->
